<?xml version="1.0" encoding="UTF-8"?>
<!-- Generated by org.testng.reporters.JUnitReportReporter -->
<testsuite hostname="DESKTOP-TEBGILU" failures="0" tests="1" name="testNGExecution.Test3" time="30.589" errors="0" timestamp="2023-07-17T17:53:31 IST" skipped="0">
  <testcase classname="testNGExecution.Test3" name="testMethod3" time="30.589">
    <system-out>
      <![CDATA[This is Sumo TestNG method3!!]]>
    </system-out>
  </testcase> <!-- testMethod3 -->
  <system-out>
    <![CDATA[This is Remo TestNG method2!!
This is Sumo TestNG method3!!
This is Demo TestNG method1!!]]>
  </system-out>
</testsuite> <!-- testNGExecution.Test3 -->
