<?xml version="1.0" encoding="UTF-8"?>
<!-- Generated by org.testng.reporters.JUnitReportReporter -->
<testsuite hostname="DESKTOP-TEBGILU" failures="0" tests="1" name="testNGP.Remo11" time="0.004" errors="0" timestamp="2023-07-17T17:50:02 IST" skipped="0">
  <testcase classname="testNGP.Remo11" name="g" time="0.004">
    <system-out>
      <![CDATA[This is Remo TestNG Class!!]]>
    </system-out>
  </testcase> <!-- g -->
  <system-out>
    <![CDATA[This is Sumo TestNG Class!!
This is Remo TestNG Class!!
This is Demo TestNG Class!!]]>
  </system-out>
</testsuite> <!-- testNGP.Remo11 -->
