<?xml version="1.0" encoding="UTF-8"?>
<!-- Generated by org.testng.reporters.JUnitReportReporter -->
<testsuite hostname="DESKTOP-TEBGILU" failures="0" tests="3" name="testNGAnnotation_Flags.GoogleSearchTestCase" time="68.230" errors="0" timestamp="2023-07-20T18:07:29 IST" skipped="0">
  <testcase classname="testNGAnnotation_Flags.GoogleSearchTestCase" name="search3" time="17.401"/>
  <testcase classname="testNGAnnotation_Flags.GoogleSearchTestCase" name="search2" time="35.378"/>
  <testcase classname="testNGAnnotation_Flags.GoogleSearchTestCase" name="search1" time="15.451"/>
</testsuite> <!-- testNGAnnotation_Flags.GoogleSearchTestCase -->
