<?xml version="1.0" encoding="UTF-8"?>
<!-- Generated by org.testng.reporters.JUnitReportReporter -->
<testsuite hostname="DESKTOP-TEBGILU" failures="0" tests="2" name="testNGExecution.TestMethod2" time="0.027" errors="0" timestamp="2023-07-18T15:18:20 IST" skipped="0">
  <testcase classname="testNGExecution.TestMethod2" name="testMethod4" time="0.010">
    <system-out>
      <![CDATA[Thread id  of testMethod4:20]]>
    </system-out>
  </testcase> <!-- testMethod4 -->
  <testcase classname="testNGExecution.TestMethod2" name="testMethod3" time="0.017">
    <system-out>
      <![CDATA[Thread id  of testMethod3:23]]>
    </system-out>
  </testcase> <!-- testMethod3 -->
  <system-out>
    <![CDATA[Thread id  of testMethod6:22
Thread id  of testMethod1:19
Thread id  of testMethod3:23
Thread id  of testMethod2:20
Thread id  of testMethod5:21
Thread id  of testMethod4:20]]>
  </system-out>
</testsuite> <!-- testNGExecution.TestMethod2 -->
