<?xml version="1.0" encoding="UTF-8"?>
<!-- Generated by org.testng.reporters.JUnitReportReporter -->
<testsuite hostname="DESKTOP-TEBGILU" failures="0" tests="2" name="testNGExecution.SelectBrowser" time="27.589" errors="0" timestamp="2023-07-19T15:00:10 IST" skipped="0">
  <testcase classname="testNGExecution.SelectBrowser" name="chromeMethod" time="18.064"/>
  <testcase classname="testNGExecution.SelectBrowser" name="chromeMethod" time="9.525"/>
</testsuite> <!-- testNGExecution.SelectBrowser -->
