<?xml version="1.0" encoding="UTF-8"?>
<!-- Generated by org.testng.reporters.JUnitReportReporter -->
<testsuite hostname="DESKTOP-TEBGILU" failures="0" tests="2" name="testNGAnnotation_Flags.AnnotationsClass" time="0.017" errors="0" timestamp="2023-07-20T17:52:26 IST" skipped="0">
  <testcase classname="testNGAnnotation_Flags.AnnotationsClass" name="method10" time="0.005">
    <system-out>
      <![CDATA[TestAnnotation2]]>
    </system-out>
  </testcase> <!-- method10 -->
  <testcase classname="testNGAnnotation_Flags.AnnotationsClass" name="method1" time="0.012">
    <system-out>
      <![CDATA[This is method1 of TestAnnotation]]>
    </system-out>
  </testcase> <!-- method1 -->
  <system-out>
    <![CDATA[BeforeSuiteAnnotation
BeforeTestAnnotation
BeforeClassAnnotation
BeforeMethodAnnotation
This is method1 of TestAnnotation
AfterMetodAnnotation
BeforeMethodAnnotation
TestAnnotation2
AfterMetodAnnotation
AfterClassAnnotation
AfterTestAnnotation
AfterSuiteAnnotation]]>
  </system-out>
</testsuite> <!-- testNGAnnotation_Flags.AnnotationsClass -->
