<?xml version="1.0" encoding="UTF-8"?>
<!-- Generated by org.testng.reporters.JUnitReportReporter -->
<testsuite hostname="DESKTOP-TEBGILU" failures="0" tests="1" name="testNGPackage.Sumo" time="11.424" errors="0" timestamp="2023-07-17T17:51:49 IST" skipped="0">
  <testcase classname="testNGPackage.Sumo" name="h" time="11.424">
    <system-out>
      <![CDATA[This is Sumo TestNG Class!!]]>
    </system-out>
  </testcase> <!-- h -->
  <system-out>
    <![CDATA[This is Demo TestNG Class!!
This is Remo TestNG Class!!
This is Sumo TestNG Class!!]]>
  </system-out>
</testsuite> <!-- testNGPackage.Sumo -->
